threshhold: 30
Mon Nov  4 09:25:43 CST 2019
flow_mult: 100
packet_num: 20
payload_size: 1000

10
3.539599831

20
4.432462714

30
5.342716127

40
6.385617633

50
7.155404352

60
8.275522617

70
9.067637926

80
10.116357542

90
10.909900517

100
11.888348350

110
12.847461014

120
13.743108836

130
14.763110240

140
15.625013041

150
16.588122095

160
17.626466771

170
18.305409055

180
19.264213026

190
20.195847453

200
21.499072823

210
22.169231835

220
22.984095883

230
24.090864630

240
24.941265430

250
25.910332466

260
27.087058336

270
29.843317979

280
28.697924408

290
29.910225815

300
30.505203103

310
33.423213651

320
34.227461605

330
35.444910771

340
35.282156980

350
37.056633451

360
35.916688257

370
38.766164530

380
39.459660363

390
38.782399477

400
39.848557943

410
40.669817550

420
41.519978053

430
42.474929439

440
43.590962499

450
44.283838563

460
45.194887199

470
46.210975407

480
47.279598082

490
48.289508616

500
48.926202470

510
49.817558240

520
50.945222409

530
52.101109213

540
52.762707773

550
53.790872633

560
54.463822559

570
55.356717925

580
56.532626870

590
57.321800935

600
57.893702389

610
59.086296026

620
60.326034536

630
61.125255638

640
61.661974195

650
62.760761250

660
63.515380043

670
64.511317144

680
65.454527378

690
66.237659815

700
67.338800674

710
68.202269689

720
69.200129205

730
69.849764573

740
70.709658759

750
71.715851629

760
72.873455736

770
73.757337721

780
74.518506343

790
75.455488298

800
76.530950172

810
78.492068863

820
79.174183197

830
79.777597464

840
81.556688782

850
82.863724786

860
83.265645822

870
84.437134530

880
85.556517359

890
86.694870688

900
87.017338163

910
89.056302429

920
90.348516376

930
90.743126151

940
91.616356291

950
93.647919758

960
93.533180985

970
94.693989163

980
95.838690093

990
96.783542340

1000
97.840968061

1010
98.864335071

1020
100.045042545

1030
101.373750834

1040
101.281963520

1050
102.665494810

1060
103.178203521

1070
104.270249286

1080
105.193366014

1090
105.837024992

1100
107.379405777

1110
108.185596048

1120
108.656554906

1130
110.430643306

1140
110.598610155

1150
111.161226560

1160
112.968100232

1170
113.285550808

1180
114.053004271

1190
115.188069497

1200
116.099074749

1210
117.056481199

1220
117.846212793

1230
118.784393401

1240
119.170633438

1250
120.517893069

1260
121.406825096

1270
123.531946775

1280
123.083964705

1290
123.579651612

1300
125.737696447

1310
126.038316692

1320
127.504792240

1330
127.959253482

1340
128.372749171

1350
130.157254783

1360
130.878856880

1370
131.196303109

1380
132.770401447

1390
133.666230498

1400
134.027564328

1410
135.439690530

1420
135.720118487

1430
136.522227375

1440
137.841447878

1450
138.622386452

1460
139.928432195

1470
140.449512064

1480
141.326462971

1490
142.672765078

1500
142.744501164

1510
145.473466414

1520
144.728260214

1530
145.767747491

1540
147.389745264

1550
148.912485868

1560
149.589506123

1570
150.564645349

1580
150.062844767

1590
151.049020881

1600
152.121323473

1610
153.250541153

1620
154.114947665

1630
154.570291283

1640
156.150547337

1650
156.410906112

1660
157.029758220

1670
159.059363096

1680
159.326654423

1690
161.754550887

1700
161.688754373

1710
163.101937674

1720
163.168582180

1730
163.994548966

1740
164.508928071

1750
165.003586040

1760
166.370167879

1770
167.777007953

1780
169.510022672

1790
171.310848982

1800
170.534849244

1810
171.039817245

1820
173.040959516

1830
173.393176120

1840
174.121484843

1850
175.847756191

1860
177.029784032

1870
176.403743992

1880
177.670224080

1890
178.245375098

1900
179.196168577

1910
179.689354607

1920
181.474661588

1930
181.918755346

1940
182.621420748

1950
183.898162170

1960
184.305197472

1970
184.979622950

1980
186.493428880

1990
186.908090685

2000
187.407623178

done!
Mon Nov  4 15:02:59 CST 2019
