threshhold: 10
Sun Nov  3 21:46:15 CST 2019
flow_mult: 100
packet_num: 20
payload_size: 1000

10
3.562422803

20
4.792108678

30
5.697383757

40
6.832539194

50
7.787105505

60
8.655208343

70
9.327986568

80
10.145889651

90
11.309609988

100
12.216869664

110
12.936906773

120
13.847363553

130
14.972312239

140
15.888287469

150
16.800095131

160
17.621290760

170
18.899771089

180
19.576592968

190
20.479406306

200
21.520177675

210
22.431073551

220
23.511785293

230
24.413053930

240
25.576274415

250
26.287157565

260
27.176774283

270
28.525720919

280
29.157862276

290
30.116508113

300
31.388385778

310
34.111925778

320
34.813977498

330
35.370106795

340
36.979929556

350
36.677255116

360
38.930830372

370
39.663589534

380
40.177394845

390
40.246013209

400
41.174145536

410
42.069241156

420
43.090972367

430
44.383440354

440
45.578092631

450
46.374304014

460
47.254558952

470
48.244993792

480
49.428555900

490
50.269888773

500
51.622910734

510
52.196132345

520
53.589925802

530
54.126083826

540
55.265494251

550
56.328515472

560
57.973785802

570
58.216944312

580
59.588406987

590
60.501640096

600
61.635517653

610
62.756175964

620
63.695384416

630
64.425326659

640
65.109210861

650
66.140408020

660
67.296060623

670
69.056939242

680
69.550885226

690
71.092838680

700
71.734844615

710
73.033097069

720
74.771957801

730
74.663719599

740
76.034206746

750
76.632227294

760
77.778605793

770
78.599986762

780
80.343042938

790
80.297748417

800
81.365182233

810
84.292672975

820
85.149576844

830
86.149789298

840
87.564186629

850
88.941775627

860
89.459365190

870
91.255962100

880
92.415447312

890
93.171430866

900
94.612736257

910
94.790330766

920
96.351833366

930
98.008535707

940
98.637964888

950
100.243131163

960
101.401745865

970
101.523347180

980
102.484912421

990
103.816092351

1000
104.735398478

1010
105.689207760

1020
107.780017267

1030
107.680228216

1040
109.108149834

1050
110.670938401

1060
111.024522643

1070
111.655758227

1080
113.206597130

1090
113.872859418

1100
115.701083601

1110
116.975880597

1120
117.624949741

1130
118.174259867

1140
119.472543259

1150
120.241787748

1160
121.025977987

1170
122.190706019

1180
123.700419123

1190
124.382402835

1200
125.638853602

1210
126.366105875

1220
126.265225131

1230
127.834627930

1240
128.740895480

1250
130.025669317

1260
130.820213961

1270
132.697137500

1280
132.775605694

1290
133.518018841

1300
135.328187606

1310
135.908857265

1320
136.338616118

1330
138.069367540

1340
138.493057274

1350
139.871704477

1360
140.676032014

1370
141.047612277

1380
143.084564174

1390
143.811254196

1400
145.425655551

1410
145.519534631

1420
146.709239488

1430
147.566837183

1440
148.326103944

1450
148.843019794

1460
152.278831057

1470
151.897109121

1480
153.926090628

1490
153.621500780

1500
156.586825705

1510
155.483513023

1520
157.755102547

1530
158.351105341

1540
158.306141527

1550
159.031301103

1560
161.450531950

1570
163.037542994

1580
162.221074690

1590
163.837927645

1600
165.191728657

1610
165.672582904

1620
166.653908715

1630
168.045880978

1640
169.573641800

1650
170.142054520

1660
174.706613272

1670
171.524838431

1680
172.689047956

1690
172.880948799

1700
175.764789165

1710
176.439875087

1720
176.878467501

1730
178.143683283

1740
178.481471366

1750
178.601144248

1760
181.978529377

1770
181.673867038

1780
184.512102893

1790
183.531187465

1800
185.324571277

1810
185.609409240

1820
185.909277814

1830
188.656019558

1840
189.214820431

1850
190.025776577

1860
190.283887090

1870
191.857462923

1880
194.790417467

1890
193.791838736

1900
195.089327232

1910
195.747814859

1920
195.823121303

1930
196.833876717

1940
200.101212883

1950
199.742954975

1960
201.290996639

1970
203.076854664

1980
202.096701714

1990
203.987124304

2000
203.239384448

done!
Mon Nov  4 03:47:58 CST 2019
