Fri Nov  1 10:26:28 CST 2019
flow_mult: 100
packet_num: 20
payload_size: 1000

10
3.719595570

20
4.901843591

30
5.931910147

40
7.228105351

50
8.206519305

60
9.263366855

70
10.390918142

80
11.526309361

90
12.779588852

100
13.866660419

110
14.880815608

120
16.087166187

130
17.167574048

140
18.337125399

150
19.406063131

160
20.531797556

170
21.697479357

180
22.742708609

190
23.933577974

200
24.940104672

210
26.292983600

220
27.169316065

230
28.362890736

240
29.251732276

250
30.526833132

260
33.246786411

270
34.833885406

280
33.774287904

290
35.903099983

300
37.645572800

310
37.117009588

320
38.446126500

330
39.297559555

340
40.357715611

350
41.497766740

360
42.731491279

370
43.721815260

380
44.835624315

390
46.022504713

400
47.245840607

410
48.330891591

420
49.433427742

430
50.348159945

440
51.471780180

450
52.534551294

460
53.774501469

470
54.920331462

480
55.713530877

490
56.947506762

500
58.057876678

510
59.163124477

520
60.506090485

530
61.356373860

540
62.474841725

550
63.673515282

560
64.735757631

570
65.978028601

580
66.965220809

590
68.046557376

600
69.099086360

610
70.089787843

620
71.396364476

630
72.350999585

640
73.415076492

650
74.779113528

660
75.705146459

670
76.821974875

680
77.790333517

690
78.772648985

700
80.230051222

710
81.066279509

720
82.103087145

730
83.283707429

740
84.288042322

750
85.604052195

760
86.558177918

770
88.144486461

780
88.835645114

790
89.928658214

800
91.688569132

810
92.455254037

820
94.442179646

830
95.647453703

840
96.526673038

850
98.515378017

860
98.964943700

870
100.375097171

880
101.446965791

890
103.137492446

900
104.159359696

910
104.850129643

920
107.003915354

930
107.748873756

940
109.083123152

950
110.201918262

960
111.532842538

970
112.683715292

980
113.776456096

990
115.145140103

1000
115.825370313

1010
117.028045340

1020
118.633142084

1030
119.876586900

1040
120.585782583

1050
121.232085242

1060
123.386852196

1070
123.909336063

1080
125.194241848

1090
126.413568827

1100
126.998755393

1110
128.012416309

1120
129.487075929

1130
130.712491670

1140
132.073723047

1150
132.813548712

1160
133.293731625

1170
135.272712995

1180
135.778963536

1190
138.477592634

1200
138.012163395

1210
139.045836688

1220
140.356458239

1230
141.538792010

1240
142.417322109

1250
143.147111528

1260
144.676987414

1270
145.666004164

1280
147.188795009

1290
147.294524722

1300
148.448537757

1310
150.085417317

1320
151.226085079

1330
152.290377735

1340
153.947031966

1350
155.415974679

1360
155.605606573

1370
156.413712196

1380
157.629758389

1390
158.557800919

1400
159.905786046

1410
160.628000983

1420
162.284611440

1430
162.892967379

1440
164.135134886

1450
165.078591967

1460
166.023114429

1470
167.597598497

1480
169.221511053

1490
170.066858830

1500
170.763793905

1510
172.960795266

1520
172.836828176

1530
173.920994349

1540
174.713672176

1550
176.168571131

1560
177.370139447

1570
178.665593282

1580
179.161973496

1590
180.478422157

1600
181.475649932

1610
182.897111064

1620
186.277436470

1630
184.893408042

1640
185.721294242

1650
186.803687044

1660
188.071598518

1670
189.683176091

1680
191.379387373

1690
191.241961944

1700
192.954578398

1710
193.124850231

1720
195.292637461

1730
198.117408792

1740
196.848660183

1750
197.350236725

1760
199.707799785

1770
199.812749299

1780
201.292308891

1790
201.942938678

1800
204.114327268

1810
204.149187355

1820
206.620640687

1830
206.977419604

1840
208.571469919

1850
208.894583190

1860
210.454075250

1870
210.911940319

1880
212.219699749

1890
212.328838895

1900
214.062944121

1910
216.864801894

1920
217.167407923

1930
217.499005733

1940
219.274230666

1950
219.670701019

1960
221.190033116

1970
221.644798256

1980
222.915039100

1990
224.467801048

2000
225.543999360

2010
226.580435425

2020
227.685099060

2030
229.402036280

2040
230.427124925

2050
231.021350634

2060
232.153890314

2070
232.135470923

2080
234.798805351

2090
235.356869620

2100
235.275879542

2110
238.293078317

2120
238.169686125

2130
240.523844898

2140
241.775845965

2150
241.445305079

2160
242.995814935

2170
244.538468997

2180
245.677714065

2190
246.525348031

2200
246.305030009

2210
249.078445295

2220
249.495915280

2230
251.005368263

2240
251.343377667

2250
252.484041917

2260
254.091063651

2270
254.156219603

2280
256.308117001

2290
256.841066965

2300
259.072880906

2310
259.344089773

2320
259.666129105

2330
261.711238216

2340
262.662642783

2350
264.166918224

2360
264.236995308

2370
265.913658502

2380
267.431047820

2390
267.926793159

2400
268.974737846

2410
270.119986981

2420
271.131807063

2430
271.752303578

2440
274.074990117

2450
274.634469253

2460
278.212851724

2470
275.759868103

2480
277.419749767

2490
278.661352547

2500
279.514170035

2510
281.061661837

2520
281.755111899

2530
283.193489097

2540
283.431276527

2550
287.316448788

2560
287.987145318

2570
286.904765746

2580
287.910755558

2590
290.295308487

2600
290.283629135

2610
291.983585843

2620
293.934096951

2630
295.048079161

2640
295.101252408

2650
296.025302496

2660
297.080499541

2670
299.702360284

2680
300.126399086

2690
300.615832759

2700
301.487795779

2710
302.966101583

2720
303.036113555

2730
305.733597805

2740
305.919970133

2750
306.891845731

2760
307.200017023

2770
310.266166164

2780
310.555497948

2790
311.420072436

2800
313.394129749

2810
314.876103981

2820
314.585910785

2830
317.780573043

2840
315.905725743

2850
319.096608023

2860
319.070353841

2870
319.642943627

2880
321.597584501

2890
321.696219942

2900
323.246839532

2910
324.702660748

2920
325.410525328

2930
326.439692510

2940
327.357773373

2950
327.961379194

2960
331.191669996

2970
330.459517713

2980
332.223386477

2990
333.099111236

3000
334.321689058

3010
335.901465518

3020
336.860916786

3030
336.313553031

3040
338.477106595

3050
339.180202436

3060
341.009832087

3070
341.563932109

3080
342.404671287

3090
343.763837210

3100
345.635281127

3110
348.333832534

3120
347.721661555

3130
347.590335691

3140
348.865427783

3150
353.823078412

3160
351.700800546

3170
352.530187647

3180
353.490299286

3190
355.581283298

3200
356.128561477

3210
357.228687616

3220
357.824976358

3230
358.478527103

3240
358.903308777

3250
360.878279446

3260
361.727856172

3270
363.190434702

3280
364.283856701

3290
364.104925615

3300
366.893971704

3310
368.649844607

3320
368.066875365

3330
369.249289868

3340
370.961951102

3350
371.947969754

3360
372.693357437

3370
373.608061940

3380
375.396847674

3390
376.924480817

3400
377.252508673

3410
378.233986587

3420
379.816386606

3430
380.506738383

3440
381.941322125

3450
382.218926879

3460
384.692585286

3470
386.038332504

3480
391.685572742

3490
387.086619042

3500
388.089675839

3510
388.599826213

3520
391.191434559

3530
390.649999348

3540
393.679967330

3550
392.674991133

3560
396.217590219

3570
395.802495195

3580
396.983384667

3590
399.086259447

3600
399.364250044

3610
401.115533194

3620
403.021139843

3630
401.801553961

3640
404.382443518

3650
404.866954859

3660
405.867781504

3670
405.892664996

3680
408.182279274

3690
410.534472076

3700
411.577725154

3710
412.131114019

3720
412.565070971

3730
413.059938998

3740
415.500035227

3750
415.062582353

3760
415.533832365

3770
417.094026609

3780
420.189607111

3790
419.606222986

3800
421.803398795

3810
422.353746727

3820
424.126548533

3830
425.381800521

3840
427.051447947

3850
426.737406087

3860
430.146551350

3870
433.090365124

3880
436.865085150

3890
433.841174627

3900
438.801792868

3910
439.328291787

3920
440.695953231

3930
445.229420991

3940
459.831322358

3950
444.431284791

3960
446.433285792

3970
444.528760988

3980
447.156049692

3990
454.108050168

4000
452.404599193

4010
459.072826099

4020
452.173324493

4030
452.986371185

4040
457.082003483

4050
458.631861612

4060
457.434776173

4070
460.472820953

4080
459.534105400

4090
460.210167289

4100
473.167045407

4110
461.027537177

4120
470.338024919

4130
464.214038771

4140
469.037529128

4150
467.790900137

4160
472.976171615

4170
471.428521636

4180
479.416157984

4190
472.290615406

4200
483.570352513

4210
473.832133021

4220
482.528867377

4230
484.354057611

4240
487.091424235

4250
487.029355477

4260
486.462246820

4270
488.973511120

4280
488.596186254

4290
488.880114043

4300
491.383136309

4310
493.488423316

4320
498.559895864

4330
496.843243079

4340
495.621012741

4350
502.349669923

4360
502.537126358

4370
501.643895186

4380
502.466214341

4390
499.551746378

4400
509.581459306

4410
501.085621732

4420
511.128468437

4430
509.014439423

4440
504.533370461

4450
509.763847420

4460
512.768058787

4470
511.259124055

4480
512.428679680

4490
513.306647443
