Sat Nov  2 21:37:03 CST 2019
flow_mult: 100
packet_num: 20
payload_size: 1000

10
3.248981104

20
3.997295121

30
4.558303768

40
5.086840654

50
5.744557628

60
6.290619869

70
6.948252205

80
7.481305223

90
8.079400031

100
8.682001595

110
9.379860548

120
9.934925055

130
10.602411526

140
11.295132374

150
11.761314777

160
12.374893453

170
12.999086334

180
13.645019016

190
14.170922623

200
14.930802586

210
15.316323099

220
16.028014240

230
16.661154610

240
17.293399044

250
17.854491837

260
18.541867648

270
19.096273433

280
19.540239552

290
20.251450888

300
20.886965187

310
21.460463901

320
22.039763746

330
22.557619957

340
23.488519826

350
23.792983204

360
24.358210582

370
25.169606788

380
27.408252646

390
26.470811100

400
28.481476545

410
27.864993937

420
29.109524280

430
30.688290406

440
29.341341887

450
30.043300394

460
30.539854085

470
32.616893698

480
33.469341482

490
34.279973080

500
34.923715797

510
35.469494023

520
35.998010646

530
36.633995664

540
36.981192628

550
37.803515924

560
38.177509513

570
38.883460123

580
39.668938911

590
39.967188304

600
40.636260520

610
41.218498531

620
41.851305481

630
40.634872094

640
41.417483380

650
41.713602286

660
42.209028614

670
42.893123849

680
43.550568715

690
44.282146205

700
44.770559960

710
45.485271758

720
45.940192346

730
46.431987648

740
47.221726524

750
48.154171319

760
48.312107598

770
49.061659128

780
49.588620557

790
50.243818620

800
50.617200864

810
51.393183459

820
52.250555187

830
53.414024208

840
54.205781406

850
54.430627263

860
56.284109647

870
56.154831647

880
57.244798789

890
58.091358339

900
58.692683922

910
59.193967784

920
60.400597981

930
60.745058594

940
61.626712251

950
62.406935575

960
63.112132787

970
63.655408514

980
65.056977912

990
65.011220337

1000
65.616094732

done!
Sat Nov  2 22:39:06 CST 2019
