threshhold: 20
Mon Nov  4 03:47:58 CST 2019
flow_mult: 100
packet_num: 20
payload_size: 1000

10
3.538568497

20
4.355087843

30
5.324033826

40
6.516862638

50
7.180644239

60
8.091120794

70
9.017306880

80
10.070484163

90
11.061279639

100
11.897211694

110
12.875701237

120
13.824029328

130
14.854543398

140
15.670622072

150
16.477553616

160
17.418886854

170
18.603656503

180
19.194135419

190
20.285401253

200
21.287659121

210
22.165550371

220
23.261121841

230
23.972468145

240
25.076142572

250
25.896023329

260
28.629074865

270
27.786751158

280
28.786242625

290
29.616841069

300
30.569711049

310
33.577260944

320
34.374381387

330
35.450910813

340
36.304345668

350
37.024543538

360
38.252037647

370
37.158201029

380
39.656363038

390
39.564656671

400
40.098616268

410
40.580617479

420
41.873452541

430
42.682605493

440
43.444628595

450
44.348142192

460
45.285231810

470
46.219136760

480
47.080461575

490
48.160493818

500
49.052519414

510
49.975458778

520
50.787093301

530
51.890176464

540
52.556389099

550
53.372096473

560
54.333481076

570
55.719575907

580
56.163161619

590
57.259212150

600
57.944116984

610
59.125185527

620
60.124481444

630
61.085099000

640
62.021908750

650
62.711614038

660
63.483517297

670
64.450284374

680
65.203984574

690
66.915202765

700
67.686195547

710
68.355533634

720
68.774054168

730
69.997377854

740
71.162463403

750
71.843495688

760
72.856070770

770
73.489225512

780
74.677932853

790
75.808830169

800
76.332318400

810
78.351201711

820
79.724320720

830
79.942883751

840
81.285392407

850
82.497963034

860
83.572353212

870
84.674980810

880
86.104307036

890
86.462979362

900
87.714050563

910
89.268139957

920
89.697604876

930
91.251035228

940
92.333344386

950
93.377643359

960
94.415744426

970
94.949310997

980
96.386564311

990
97.745295747

1000
97.714949549

1010
98.579364350

1020
99.220804563

1030
100.864928539

1040
102.331828151

1050
102.236504077

1060
103.617454318

1070
104.060607586

1080
106.322122856

1090
106.105819160

1100
107.389502110

1110
107.813040212

1120
109.008965532

1130
110.319675184

1140
110.737388155

1150
112.152424876

1160
112.118026412

1170
114.872271462

1180
114.488171190

1190
115.865271288

1200
116.161886590

1210
117.217921331

1220
117.671564472

1230
120.490683069

1240
122.130382310

1250
120.659111928

1260
121.117018300

1270
123.346291977

1280
122.842000411

1290
123.866346932

1300
127.174003105

1310
126.003363465

1320
126.795765777

1330
128.578537946

1340
129.305323785

1350
129.464737296

1360
130.331547518

1370
132.509431450

1380
132.264574289

1390
133.546765663

1400
135.072765808

1410
136.600433242

1420
136.666443904

1430
137.430295949

1440
138.550656648

1450
138.289888816

1460
139.086000166

1470
140.776209968

1480
141.421684259

1490
142.196071201

1500
142.865208494

1510
144.454520997

1520
146.295840650

1530
145.625708471

1540
146.587489585

1550
148.091677971

1560
149.983266581

1570
149.175525891

1580
150.385392991

1590
150.829682085

1600
152.631939795

1610
154.200764831

1620
154.278810168

1630
154.489288138

1640
156.610692880

1650
156.347888124

1660
157.672443423

1670
159.093997079

1680
159.838387821

1690
160.231349455

1700
162.048707371

1710
161.627777317

1720
163.191141614

1730
165.507677526

1740
165.479761338

1750
165.810738412

1760
166.202840612

1770
168.042175148

1780
168.429680604

1790
171.573664502

1800
170.093922353

1810
171.030404324

1820
172.690883957

1830
172.735118748

1840
174.070267506

1850
174.547589379

1860
177.253503781

1870
176.587011207

1880
177.135985417

1890
179.179710364

1900
178.977491890

1910
180.748055548

1920
181.264398256

1930
182.656163754

1940
183.154957802

1950
185.740383054

1960
186.033443742

1970
186.600996573

1980
186.851046665

1990
187.688243055

2000
189.338922703

done!
Mon Nov  4 09:25:43 CST 2019
