Sat Nov  2 22:39:06 CST 2019
flow_mult: 100
packet_num: 20
payload_size: 1000

10
3.538896987

20
4.400872115

30
5.328740435

40
6.311863682

50
7.202473206

60
8.139532346

70
9.055125328

80
10.212811991

90
10.936175460

100
11.882479889

110
13.048341964

120
13.801079304

130
14.651903899

140
15.696050808

150
16.539411193

160
17.496213275

170
18.599304113

180
19.359708490

190
20.353197606

200
21.272315731

210
22.283567849

220
23.112557760

230
24.424156823

240
25.072609647

250
25.953087349

260
26.957278465

270
29.500465276

280
28.716105831

290
29.776709186

300
31.163850968

310
33.137839780

320
34.183330017

330
35.168579539

340
35.991338535

350
36.777038036

360
37.850973894

370
37.106119525

380
39.665003193

390
39.940849587

400
40.002646469

410
40.646403080

420
41.621387317

430
42.760141528

440
43.724666595

450
44.152250557

460
45.234156071

470
46.353137178

480
47.013225093

490
48.004510294

500
48.910265951

510
50.183432898

520
50.846910075

530
51.613324245

540
52.853274585

550
53.653413230

560
54.251144454

570
55.529045424

580
56.480500190

590
57.097246807

600
57.924307578

610
59.121386359

620
59.676743826

630
60.701516434

640
61.644900229

650
62.878918210

660
63.370975024

670
64.748730598

680
65.552005987

690
66.926948982

700
67.428153549

710
68.499183383

720
69.051738884

730
69.912754699

740
71.164587949

750
72.541765877

760
72.469949815

770
73.800378051

780
74.593824061

790
75.410324054

800
76.564820544

810
77.548160672

820
79.673100975

830
79.761684769

840
81.777852733

850
82.891400174

860
84.023508968

870
84.311030395

880
85.406900918

890
86.384520634

900
87.795552855

910
88.355534735

920
90.080309614

930
90.622481312

940
91.888760510

950
93.196701384

960
94.164198352

970
94.860734628

980
95.849043802

990
97.481832314

1000
98.241873828

done!
Sun Nov  3 00:07:48 CST 2019
