threshhold: 5
string rule: 10000
Wed Nov  6 12:01:21 CST 2019
flow_mult: 100
packet_num: 20
payload_size: 1000

10
9.340179702

20
13.768253334

30
18.278868916

40
22.396189721

50
27.001269461

60
32.841381828

70
35.340095747

80
39.222660274

90
44.294832498

100
48.250527916

110
52.820492702

120
57.664023849

130
62.317305902

140
66.907293820

150
70.696167130

160
75.533056576

170
79.295957863

180
83.839995149

190
88.944544988

200
92.547435593

210
97.577130379

220
102.439379325

230
107.364020344

240
111.489317077

250
115.715563899

260
119.859879933

270
125.108935414

280
129.001058450

290
133.426045658

300
136.764421286

310
142.229252257

320
146.829865346

330
151.550210473

340
156.178156892

350
161.045514560

360
164.814404810

370
169.087046910

380
173.464575431

390
177.836044902

400
182.870330310

410
185.062700492

420
189.756921714

430
196.350115342

440
200.982808108

450
204.932585632

460
209.917893249

470
214.206167360

480
218.752786185

490
222.606277724

500
226.688799083

510
229.594133327

520
235.151568679

530
240.965970219

540
243.745258673

550
246.809763861

560
252.552993449

570
255.833031397

580
263.754543053

590
266.978281220

600
271.852184981

610
275.661815887

620
281.340861135

630
283.403040415

640
290.302087410

650
294.950611208

660
294.713327657

670
301.113915827

680
308.528713419

690
311.826845344

700
317.126392518

710
319.833519155

720
324.524317244

730
328.480360843

740
334.272935764

750
335.547367055

760
338.358427669

770
347.153578353

780
350.020460630

790
356.430284176

800
362.052703980

810
366.566966148

820
369.606214756

830
377.462692862

840
377.261583354

850
381.068630139

860
388.722004865

870
393.880581994

880
398.868813364

890
400.792769162

900
408.750174552

910
410.929770136

920
410.853564694

930
420.764433255

940
425.352481212

950
429.903588131

960
435.278958566

970
440.944388952

980
444.388945067

990
441.533105417

1000
445.801032924

1010
449.420576588

1020
458.047723966

1030
467.476389809

1040
471.580714558

1050
475.338943203

1060
473.451983319

1070
484.106806758

1080
488.502449076

1090
494.601220313

1100
498.486353605

1110
496.994946703

1120
501.777354831

1130
506.088221777

1140
512.360097053

1150
520.238406174

1160
524.691897303

1170
528.293127412

1180
536.515483189

1190
528.964722388

1200
543.053729827

1210
542.603195457

1220
552.633569384

1230
556.850043370

1240
553.206357282

1250
554.100978066

1260
558.565874236

1270
561.896866554

1280
564.704315803

1290
571.912036001

1300
574.937025700

1310
578.456837444

1320
582.507754967

1330
589.145258061

1340
593.873632970

1350
610.053618801

1360
618.141523010

1370
619.037186047

1380
621.423213018

1390
619.033111745

1400
630.307977243

1410
633.896541532

1420
633.187390501

1430
641.796997201

1440
639.868939538

1450
640.508634477

1460
642.084849708

1470
646.885921380

1480
651.908364078

1490
671.842670553

1500
677.164882084

1510
672.866081420

1520
684.089533436

1530
690.811399424

1540
694.884201467

1550
698.701022909

1560
694.875365540

1570
690.163759658

1580
703.565721851

1590
714.661713620

1600
722.073267771

1610
725.498924953

1620
711.218264599

1630
735.206281151

1640
738.218381861

1650
742.705188644

1660
741.547471385

1670
733.209256484

1680
758.763439357

1690
762.683090779

1700
765.357026657

1710
762.303815642

1720
755.343680519

1730
779.565899953

1740
784.031040100

1750
777.036278077

1760
779.133718888

1770
797.604171856

1780
802.738297732

1790
804.651283083

1800
799.102356153

1810
816.555406289

1820
821.283699643

1830
825.718737158

1840
811.514170450

1850
833.242432507

1860
837.742878442

1870
839.776430670

1880
827.818979787

1890
842.059339024

1900
853.460840145

1910
858.754120861

1920
841.325238619

1930
871.405932042

1940
869.876631299

1950
877.179147473

1960
873.656034858

1970
887.756070305

1980
884.171684896

1990
889.947675348

2000
899.194773087

done!
Thu Nov  7 13:20:58 CST 2019
