threshhold: 40
Mon Nov  4 15:02:59 CST 2019
flow_mult: 100
packet_num: 20
payload_size: 1000

10
3.676359787

20
4.424300429

30
5.389058833

40
6.291431697

50
7.149273990

60
8.135753076

70
9.258716200

80
10.028193544

90
11.004884080

100
11.849477449

110
12.920387294

120
13.715064834

130
14.763413471

140
15.498050074

150
16.567976973

160
17.685053100

170
18.397196702

180
19.351503229

190
20.386585197

200
21.211461324

210
22.209091242

220
23.077320765

230
24.070439794

240
24.957573766

250
26.051560353

260
26.862278777

270
29.834222104

280
28.487473978

290
29.555223005

300
30.617542495

310
33.636145962

320
34.470307560

330
35.385106615

340
35.811163490

350
36.996186312

360
37.902250244

370
36.940424868

380
39.671307559

390
39.558809295

400
39.568534676

410
40.543701050

420
41.770417817

430
42.535047640

440
43.260757657

450
44.241373478

460
45.396101203

470
46.080201716

480
47.039436299

490
48.018708836

500
48.711111441

510
49.860913299

520
50.831325558

530
51.831247800

540
52.736230790

550
53.413985496

560
54.135324717

570
55.412554737

580
56.392455072

590
57.269625224

600
58.730453454

610
58.943641071

620
59.920364224

630
60.689023166

640
61.603386762

650
62.638572790

660
64.043987972

670
64.783906923

680
65.674392175

690
66.314779035

700
67.444860124

710
68.220521274

720
69.246308160

730
70.019671587

740
70.612505289

750
72.352096282

760
72.937462694

770
74.016475930

780
74.664678423

790
75.381993703

800
76.986771187

810
78.762495414

820
78.705629718

830
80.102204597

840
80.785149011

850
82.836011513

860
82.977588708

870
84.382189242

880
85.782429101

890
86.724052644

900
88.010472197

910
89.007442637

920
89.807223452

930
90.999925449

940
92.300947651

950
93.222860072

960
93.962431286

970
95.604773549

980
96.441862177

990
97.874420945

1000
97.704248340

1010
99.232663100

1020
100.957809034

1030
100.429588045

1040
101.693943878

1050
102.651078010

1060
104.012849833

1070
104.491562100

1080
105.111129392

1090
105.987786131

1100
106.948330081

1110
107.479796808

1120
109.452839443

1130
110.286139405

1140
111.364050099

1150
111.966336732

1160
112.746902800

1170
113.641311795

1180
114.827410787

1190
115.476055300

1200
116.349953824

1210
117.540737334

1220
118.243680312

1230
118.790246134

1240
119.051594530

1250
119.935413620

1260
122.304491100

1270
122.397414164

1280
123.158794915

1290
124.390084144

1300
125.086381887

1310
126.043879299

1320
126.906916736

1330
128.434783671

1340
129.152285773

1350
129.642305533

1360
130.871254454

1370
132.002384439

1380
131.925367626

1390
132.945720878

1400
134.311958324

1410
136.123953547

1420
136.290657343

1430
137.144418973

1440
137.722246617

1450
137.966016989

1460
139.966519633

1470
140.647758751

1480
140.632480473

1490
142.337541895

1500
143.957141261

1510
144.146463272

1520
144.172051429

1530
146.325836511

1540
147.707990530

1550
148.690341395

1560
149.521371712

1570
148.785315022

1580
150.245951083

1590
152.184809355

1600
152.539408285

1610
153.235293310

1620
153.556333030

1630
155.648093468

1640
155.844550316

1650
156.921436421

1660
157.898476329

1670
159.436502524

1680
161.356336951

1690
160.771533706

1700
161.674444862

1710
164.329722888

1720
162.940503325

1730
163.740891121

1740
166.293370344

1750
165.857501327

1760
167.262000569

1770
167.238869053

1780
167.945271871

1790
169.177123050

1800
170.117277530

1810
171.335791991

1820
172.690143036

1830
172.448025021

1840
174.489099865

1850
174.338124616

1860
175.095765890

1870
176.443486059

1880
176.998097540

1890
177.907207511

1900
179.079719966

1910
180.960701316

1920
180.646722741

1930
181.521333953

1940
182.134619450

1950
183.756108819

1960
186.145366129

1970
186.408403637

1980
187.146766328

1990
189.205483459

2000
188.778775800

done!
Mon Nov  4 20:40:28 CST 2019
