threshhold: 5
string rule: 10
Wed Nov  6 02:27:14 CST 2019
flow_mult: 100
packet_num: 20
payload_size: 1000

10
4.249038141

20
6.001828345

30
7.673853554

40
9.408677907

50
10.839938112

60
12.131045049

70
13.422205765

80
14.885378573

90
16.237923277

100
17.720192894

110
19.203132609

120
20.688339342

130
22.107364567

140
23.698127974

150
25.473654603

160
26.517637740

170
28.477544170

180
30.072581436

190
31.842558385

200
34.728608906

210
36.369409452

220
35.826602124

230
37.884854478

240
39.110527311

250
40.649239540

260
42.567108140

270
44.298491925

280
46.109565514

290
47.708891143

300
49.555154249

310
51.055063276

320
52.892815905

330
54.191322005

340
56.248324972

350
58.075667766

360
59.508041929

370
61.444525983

380
62.646510596

390
64.619884934

400
65.863032059

410
67.648720026

420
69.079844053

430
71.135379251

440
73.110941079

450
74.336962293

460
75.264094604

470
77.319151252

480
79.257087951

490
81.388817709

500
82.456857779

510
85.002340570

520
85.817953723

530
87.698779761

540
88.964981292

550
91.160953463

560
92.974582140

570
94.359253775

580
95.574305128

590
97.034781850

600
100.169532503

610
100.838605215

620
102.117209995

630
103.989225430

640
105.395884447

650
106.997114039

660
109.207959531

670
109.945328153

680
111.894145172

690
113.883221805

700
115.679533285

710
116.870306342

720
118.954316456

730
120.286725455

740
123.043451865

750
123.937504977

760
125.221046106

770
126.987928491

780
128.039588499

790
130.293336219

800
132.239418801

810
133.399423357

820
136.308274231

830
139.880032112

840
141.756394123

850
141.368045611

860
143.151664219

870
145.641538786

880
147.265955501

890
149.200492682

900
149.672266400

910
152.711810011

920
154.806835868

930
156.132990666

940
158.695353590

950
159.917421278

960
162.025200062

970
164.346828751

980
165.483759036

990
166.937820261

1000
168.803460296

1010
169.915055620

1020
171.935889334

1030
172.929230583

1040
174.282396438

1050
176.206270902

1060
178.332854245

1070
179.804060758

1080
181.437710104

1090
182.268241874

1100
184.278470436

1110
186.833932312

1120
188.319131722

1130
189.760376754

1140
191.208217772

1150
193.215853052

1160
194.798783941

1170
195.419093435

1180
196.998864116

1190
199.437091049

1200
200.707458519

1210
202.545868656

1220
205.209525992

1230
207.260470741

1240
206.899373339

1250
210.127979686

1260
210.586738241

1270
211.969801733

1280
215.172659538

1290
215.336037640

1300
217.165921237

1310
218.735586226

1320
220.159437998

1330
221.886405353

1340
223.575953662

1350
225.271142905

1360
225.987120131

1370
228.406859054

1380
231.380680853

1390
232.991873502

1400
233.808211925

1410
237.191934369

1420
236.712472747

1430
239.530118022

1440
241.272749990

1450
242.327336892

1460
243.290884666

1470
246.541122393

1480
248.881616010

1490
248.573063042

1500
250.408658304

1510
252.104079038

1520
253.326337287

1530
255.320804498

1540
256.609266912

1550
259.715288253

1560
260.081134677

1570
261.890556211

1580
264.877070577

1590
265.815338099

1600
266.814249410

1610
268.341217823

1620
268.965637711

1630
271.979169114

1640
273.722880611

1650
275.650496025

1660
275.578794650

1670
278.749476208

1680
280.752247224

1690
281.667414418

1700
283.198527597

1710
284.601714544

1720
285.694473262

1730
287.974386183

1740
289.316748931

1750
290.797378960

1760
292.296744935

1770
294.784360240

1780
297.508455107

1790
297.476651785

1800
299.927117379

1810
301.971677187

1820
303.950156045

1830
303.648095512

1840
306.370530502

1850
306.544870933

1860
313.850377052

1870
311.907311389

1880
312.525326243

1890
313.503150569

1900
318.577315267

1910
317.536468435

1920
319.456838790

1930
321.743217053

1940
322.289174768

1950
324.291168165

1960
327.037227679

1970
328.911865689

1980
328.931530995

1990
333.874801609

2000
335.023007910

done!
Wed Nov  6 12:00:57 CST 2019
