threshhold: 5
string rule: 0
Tue Nov  5 19:45:24 CST 2019
flow_mult: 100
packet_num: 20
payload_size: 1000

10
3.911162654

20
4.944414621

30
6.257682582

40
7.638506882

50
8.198464073

60
9.066544247

70
9.707025563

80
10.552577415

90
11.737001704

100
12.439844767

110
13.568156717

120
14.367878518

130
15.472055317

140
16.230091148

150
17.303803113

160
18.223553285

170
19.354709491

180
20.117974561

190
21.201414085

200
22.232201958

210
23.097328601

220
23.935006188

230
25.224419112

240
26.380198393

250
27.447433586

260
28.294059086

270
29.357290063

280
31.237382675

290
33.349707370

300
34.694434472

310
35.977834203

320
37.043142766

330
37.042795634

340
38.891158112

350
39.541580398

360
38.939029068

370
40.100892489

380
41.311521738

390
42.615696854

400
43.445995479

410
45.070040119

420
46.473204463

430
47.256907490

440
48.466073122

450
49.500958518

460
50.518166049

470
52.581380892

480
53.580853065

490
54.703505904

500
55.612849645

510
56.735839397

520
57.635898789

530
59.824466286

540
60.306664441

550
61.818208467

560
63.224679096

570
63.755343406

580
65.027629524

590
67.089912923

600
68.124569193

610
68.865082540

620
69.390923973

630
70.071652875

640
72.093986558

650
73.117073999

660
73.766064377

670
74.990563250

680
76.480488850

690
78.525120408

700
78.324149701

710
79.362141030

720
80.726931025

730
82.790162527

740
83.634533358

750
84.358795218

760
86.626109865

770
87.534202134

780
87.585091978

790
89.948968635

800
90.314302727

810
93.150672418

820
95.295251015

830
96.685320982

840
98.044984434

850
99.840819762

860
99.225414505

870
100.930203850

880
102.286175617

890
103.857132589

900
105.418883092

910
106.451122609

920
107.012855066

930
108.086486984

940
109.009363084

950
110.171669492

960
112.220098898

970
113.848180609

980
115.279029651

990
116.093909028

1000
116.583416841

1010
117.182429442

1020
119.003378686

1030
120.833315697

1040
121.669076957

1050
121.955638662

1060
122.608984363

1070
124.975443195

1080
125.096505108

1090
127.307166191

1100
128.253624702

1110
130.515426255

1120
131.038155894

1130
133.166777431

1140
133.332715834

1150
133.834503044

1160
136.130981538

1170
136.597858602

1180
138.436584054

1190
139.067771592

1200
139.524189645

1210
140.049199638

1220
142.578346597

1230
143.956237632

1240
143.080648773

1250
145.017389099

1260
146.200743647

1270
147.205213929

1280
149.839125038

1290
149.742169326

1300
152.530760327

1310
152.532403126

1320
154.221092871

1330
155.297094083

1340
155.972794813

1350
157.507147151

1360
157.761616556

1370
160.369047500

1380
160.707158469

1390
161.699037058

1400
162.196517003

1410
164.543196256

1420
165.855448089

1430
165.960218409

1440
168.043624588

1450
167.768448856

1460
169.264256074

1470
172.227604777

1480
171.488219743

1490
173.325354243

1500
174.823671971

1510
175.010870177

1520
176.766537295

1530
177.359453435

1540
178.892280054

1550
179.762152942

1560
180.445346261

1570
181.334590227

1580
184.799191109

1590
185.357571124

1600
184.680680252

1610
186.483613765

1620
187.109917256

1630
188.833622618

1640
190.718446329

1650
191.057670088

1660
192.815836200

1670
192.846261130

1680
194.822871142

1690
194.181716463

1700
197.380207845

1710
198.496932991

1720
198.872131174

1730
199.702624877

1740
200.830514350

1750
201.437585468

1760
205.522145693

1770
204.112018081

1780
207.061397569

1790
206.331784196

1800
208.139024175

1810
210.297601256

1820
210.372384828

1830
212.387355400

1840
211.026623573

1850
213.448244531

1860
214.557561343

1870
215.971026150

1880
217.382734984

1890
218.780038837

1900
220.044858461

1910
219.541258275

1920
222.812165061

1930
224.361954002

1940
224.629351059

1950
226.689638390

1960
227.001793148

1970
227.299071787

1980
229.663793669

1990
229.902548979

2000
230.693012551

done!
Wed Nov  6 02:27:14 CST 2019
